RUN	FloodHome.Example	example	1645385796734	 	3.6.1
USER	Example	START	1645385797538
REQUEST		Homepage	1645385797554	1645385798350	OK	 
REQUEST		Get_Image	1645385798430	1645385798623	OK	 
REQUEST		Click Start Button	1645385800405	1645385800606	OK	 
REQUEST		Select Age from dropdown	1645385801676	1645385801878	OK	 
REQUEST		Step_2_Age	1645385801887	1645385802083	OK	 
REQUEST		Select and enter the largest order value	1645385803417	1645385803624	OK	 
REQUEST		Step_3_Order	1645385803633	1645385803829	OK	 
REQUEST		Go_to_Step_4	1645385805694	1645385805905	OK	 
REQUEST		Enter One Time Token	1645385807477	1645385807679	KO	regex(token">([0-9]*?)<\/).find.exists, found nothing
REQUEST		One Time Token	1645385807692	1645385807894	OK	 
REQUEST		One_Time_Token	1645385807895	1645385808099	OK	 
USER	Example	START	1645385809541
REQUEST		You just walked through the test manually	1645385809399	1645385809597	OK	 
ERROR	NextStep: Failed to build request: No attribute named 'one_time_token' is defined 	1645385809601
REQUEST		Homepage	1645385809542	1645385810368	OK	 
REQUEST		Get_Image	1645385810371	1645385810567	OK	 
REQUEST		StartAgain	1645385811583	1645385811781	OK	 
USER	Example	END	1645385811785
REQUEST		Click Start Button	1645385811911	1645385812111	OK	 
REQUEST		Select Age from dropdown	1645385813966	1645385814172	OK	 
REQUEST		Step_2_Age	1645385814175	1645385814376	OK	 
REQUEST		Select and enter the largest order value	1645385816088	1645385816299	OK	 
REQUEST		Step_3_Order	1645385816303	1645385816504	OK	 
REQUEST		Go_to_Step_4	1645385818476	1645385818688	OK	 
REQUEST		Enter One Time Token	1645385820437	1645385820641	KO	regex(token">([0-9]*?)<\/).find.exists, found nothing
REQUEST		One Time Token	1645385820642	1645385820848	OK	 
REQUEST		One_Time_Token	1645385820850	1645385821053	OK	 
USER	Example	START	1645385821541
REQUEST		Homepage	1645385821542	1645385822323	OK	 
REQUEST		Get_Image	1645385822325	1645385822515	OK	 
REQUEST		You just walked through the test manually	1645385822668	1645385822875	OK	 
ERROR	NextStep: Failed to build request: No attribute named 'one_time_token' is defined 	1645385822877
REQUEST		StartAgain	1645385824132	1645385824337	OK	 
USER	Example	END	1645385824341
REQUEST		Click Start Button	1645385824446	1645385824662	OK	 
REQUEST		Select Age from dropdown	1645385826487	1645385826718	OK	 
REQUEST		Step_2_Age	1645385826721	1645385826923	OK	 
REQUEST		Select and enter the largest order value	1645385828479	1645385828681	OK	 
REQUEST		Step_3_Order	1645385828685	1645385828879	OK	 
REQUEST		Go_to_Step_4	1645385830891	1645385831090	OK	 
REQUEST		Enter One Time Token	1645385832661	1645385832858	KO	regex(token">([0-9]*?)<\/).find.exists, found nothing
REQUEST		One Time Token	1645385832860	1645385833056	OK	 
REQUEST		One_Time_Token	1645385833058	1645385833251	OK	 
USER	Example	START	1645385833550
REQUEST		Homepage	1645385833551	1645385834364	OK	 
REQUEST		Get_Image	1645385834366	1645385834562	OK	 
REQUEST		You just walked through the test manually	1645385835127	1645385835322	OK	 
ERROR	NextStep: Failed to build request: No attribute named 'one_time_token' is defined 	1645385835323
REQUEST		Click Start Button	1645385835908	1645385836107	OK	 
REQUEST		StartAgain	1645385836556	1645385836754	OK	 
USER	Example	END	1645385836758
REQUEST		Select Age from dropdown	1645385837633	1645385837837	OK	 
REQUEST		Step_2_Age	1645385837840	1645385838038	OK	 
REQUEST		Select and enter the largest order value	1645385839461	1645385839667	OK	 
REQUEST		Step_3_Order	1645385839671	1645385839880	OK	 
REQUEST		Go_to_Step_4	1645385841395	1645385841598	OK	 
REQUEST		Enter One Time Token	1645385843482	1645385843685	KO	regex(token">([0-9]*?)<\/).find.exists, found nothing
REQUEST		One Time Token	1645385843687	1645385843885	OK	 
REQUEST		One_Time_Token	1645385843887	1645385844085	OK	 
USER	Example	START	1645385845535
REQUEST		You just walked through the test manually	1645385845505	1645385845702	OK	 
ERROR	NextStep: Failed to build request: No attribute named 'one_time_token' is defined 	1645385845703
REQUEST		Homepage	1645385845536	1645385846317	OK	 
REQUEST		Get_Image	1645385846319	1645385846511	OK	 
REQUEST		StartAgain	1645385847234	1645385847434	OK	 
USER	Example	END	1645385847437
REQUEST		Click Start Button	1645385847729	1645385847924	OK	 
REQUEST		Select Age from dropdown	1645385849613	1645385849813	OK	 
REQUEST		Step_2_Age	1645385849815	1645385850011	OK	 
REQUEST		Select and enter the largest order value	1645385851193	1645385851397	OK	 
REQUEST		Step_3_Order	1645385851400	1645385851596	OK	 
REQUEST		Go_to_Step_4	1645385853059	1645385853258	OK	 
REQUEST		Enter One Time Token	1645385855241	1645385855439	KO	regex(token">([0-9]*?)<\/).find.exists, found nothing
REQUEST		One Time Token	1645385855441	1645385855636	OK	 
REQUEST		One_Time_Token	1645385855638	1645385855832	OK	 
REQUEST		You just walked through the test manually	1645385857559	1645385857757	OK	 
ERROR	NextStep: Failed to build request: No attribute named 'one_time_token' is defined 	1645385857759
REQUEST		StartAgain	1645385858800	1645385858998	OK	 
USER	Example	END	1645385858999
